::1 - - [21/Apr/2021:09:43:42 +0000] "GET /api/v1/product HTTP/1.1" 200 50 "-" "PostmanRuntime/7.26.8"
::ffff:127.0.0.1 - - [21/Apr/2021:09:45:06 +0000] "GET /api/v1/product HTTP/1.1" 200 50 "-" "Mozilla/5.0 (Windows NT 10.0; Win64; x64; rv:88.0) Gecko/20100101 Firefox/88.0"
::ffff:127.0.0.1 - - [21/Apr/2021:09:58:21 +0000] "GET /api/v1/product HTTP/1.1" 304 - "-" "Mozilla/5.0 (Windows NT 10.0; Win64; x64; rv:88.0) Gecko/20100101 Firefox/88.0"
::ffff:127.0.0.1 - - [21/Apr/2021:09:58:22 +0000] "GET /api/v1/product HTTP/1.1" 304 - "-" "Mozilla/5.0 (Windows NT 10.0; Win64; x64; rv:88.0) Gecko/20100101 Firefox/88.0"
::ffff:127.0.0.1 - - [21/Apr/2021:09:58:22 +0000] "GET /api/v1/product HTTP/1.1" 304 - "-" "Mozilla/5.0 (Windows NT 10.0; Win64; x64; rv:88.0) Gecko/20100101 Firefox/88.0"
::ffff:127.0.0.1 - - [21/Apr/2021:09:58:22 +0000] "GET /api/v1/product HTTP/1.1" 304 - "-" "Mozilla/5.0 (Windows NT 10.0; Win64; x64; rv:88.0) Gecko/20100101 Firefox/88.0"
::ffff:127.0.0.1 - - [21/Apr/2021:09:58:23 +0000] "GET /api/v1/product HTTP/1.1" 304 - "-" "Mozilla/5.0 (Windows NT 10.0; Win64; x64; rv:88.0) Gecko/20100101 Firefox/88.0"
::1 - - [21/Apr/2021:11:45:52 +0000] "POST /api/v1/product HTTP/1.1" 201 101 "-" "PostmanRuntime/7.26.8"
::1 - - [21/Apr/2021:11:49:20 +0000] "POST /api/v1/product HTTP/1.1" 201 91 "-" "PostmanRuntime/7.26.8"
::1 - - [21/Apr/2021:11:49:26 +0000] "POST /api/v1/product HTTP/1.1" 201 92 "-" "PostmanRuntime/7.26.8"
::1 - - [21/Apr/2021:11:50:32 +0000] "POST /api/v1/product HTTP/1.1" 201 92 "-" "PostmanRuntime/7.26.8"
::1 - - [21/Apr/2021:11:50:42 +0000] "POST /api/v1/product HTTP/1.1" 201 92 "-" "PostmanRuntime/7.26.8"
::1 - - [21/Apr/2021:11:59:09 +0000] "GET /api/v1/product HTTP/1.1" 201 474 "-" "PostmanRuntime/7.26.8"
::1 - - [21/Apr/2021:11:59:40 +0000] "GET /api/v1/product HTTP/1.1" 200 474 "-" "PostmanRuntime/7.26.8"
::1 - - [21/Apr/2021:15:05:56 +0000] "GET /api/v1/product HTTP/1.1" 200 474 "-" "PostmanRuntime/7.26.8"
::1 - - [21/Apr/2021:15:06:21 +0000] "POST /api/v1/product HTTP/1.1" 201 92 "-" "PostmanRuntime/7.26.8"
::1 - - [21/Apr/2021:15:06:32 +0000] "POST /api/v1/product HTTP/1.1" 201 94 "-" "PostmanRuntime/7.26.8"
::1 - - [21/Apr/2021:15:06:53 +0000] "GET /api/v1/product HTTP/1.1" 200 662 "-" "PostmanRuntime/7.26.8"
::1 - - [21/Apr/2021:15:30:17 +0000] "GET /api/v1/product HTTP/1.1" 200 662 "-" "PostmanRuntime/7.26.8"
::1 - - [21/Apr/2021:15:31:19 +0000] "POST /api/v1/product HTTP/1.1" 201 92 "-" "PostmanRuntime/7.26.8"
::1 - - [21/Apr/2021:15:32:15 +0000] "GET /api/v1/product HTTP/1.1" 200 755 "-" "PostmanRuntime/7.26.8"
::1 - - [21/Apr/2021:15:34:47 +0000] "GET /api/v1/category HTTP/1.1" 200 2 "-" "PostmanRuntime/7.26.8"
::1 - - [21/Apr/2021:15:35:38 +0000] "POST /api/v1/category HTTP/1.1" 500 2272 "-" "PostmanRuntime/7.26.8"
::1 - - [21/Apr/2021:15:37:17 +0000] "POST /api/v1/category HTTP/1.1" 201 92 "-" "PostmanRuntime/7.26.8"
::1 - - [21/Apr/2021:15:37:31 +0000] "GET /api/v1/category HTTP/1.1" 200 94 "-" "PostmanRuntime/7.26.8"
::1 - - [21/Apr/2021:15:37:38 +0000] "POST /api/v1/category HTTP/1.1" 201 92 "-" "PostmanRuntime/7.26.8"
::1 - - [21/Apr/2021:15:37:49 +0000] "GET /api/v1/category HTTP/1.1" 200 187 "-" "PostmanRuntime/7.26.8"
::1 - - [21/Apr/2021:15:47:23 +0000] "GET /api/v1/order HTTP/1.1" 200 2 "-" "PostmanRuntime/7.26.8"
::1 - - [21/Apr/2021:15:48:03 +0000] "POST /api/v1/order HTTP/1.1" 201 92 "-" "PostmanRuntime/7.26.8"
::1 - - [21/Apr/2021:15:48:09 +0000] "POST /api/v1/order HTTP/1.1" 201 92 "-" "PostmanRuntime/7.26.8"
::1 - - [21/Apr/2021:15:48:17 +0000] "GET /api/v1/order HTTP/1.1" 200 187 "-" "PostmanRuntime/7.26.8"
::1 - - [21/Apr/2021:15:57:38 +0000] "POST /api/v1/user HTTP/1.1" 500 28 "-" "PostmanRuntime/7.26.8"
